{
  "stats": {
    "suites": 3,
    "tests": 5,
    "passes": 5,
    "pending": 0,
    "failures": 0,
    "start": "2023-11-05T14:12:06.279Z",
    "end": "2023-11-05T14:12:06.305Z",
    "duration": 26,
    "testsRegistered": 5,
    "passPercent": 100,
    "pendingPercent": 0,
    "other": 0,
    "hasOther": false,
    "skipped": 0,
    "hasSkipped": false
  },
  "results": [
    {
      "uuid": "4868008b-f30c-4326-b4c1-0c45a9df2ef1",
      "title": "",
      "fullFile": "",
      "file": "",
      "beforeHooks": [],
      "afterHooks": [],
      "tests": [],
      "suites": [
        {
          "uuid": "34d533d0-6a35-4ba6-9bfd-90697dd95a4f",
          "title": "formatDates functions",
          "fullFile": "D:\\_huidu\\curx-utility\\tasks\\dateFormat.test.ts",
          "file": "\\tasks\\dateFormat.test.ts",
          "beforeHooks": [],
          "afterHooks": [],
          "tests": [
            {
              "title": "formatDates",
              "fullTitle": "formatDates functions formatDates",
              "timedOut": false,
              "duration": 1,
              "state": "passed",
              "speed": "fast",
              "pass": true,
              "fail": false,
              "pending": false,
              "context": null,
              "code": "(0, chai_1.expect)((0, dateFormats_1.formatDates)(new Date(), \"yyyy-MM-dd hh:mm:ss\"));",
              "err": {},
              "uuid": "119d60a7-8004-401f-b4c5-462281ae8a4b",
              "parentUUID": "34d533d0-6a35-4ba6-9bfd-90697dd95a4f",
              "isHook": false,
              "skipped": false
            }
          ],
          "suites": [],
          "passes": [
            "119d60a7-8004-401f-b4c5-462281ae8a4b"
          ],
          "failures": [],
          "pending": [],
          "skipped": [],
          "duration": 1,
          "root": false,
          "rootEmpty": false,
          "_timeout": 2000
        },
        {
          "uuid": "37ae60f2-88cf-49f9-b653-012d172c9bfe",
          "title": "Math functions",
          "fullFile": "D:\\_huidu\\curx-utility\\tasks\\math.test.ts",
          "file": "\\tasks\\math.test.ts",
          "beforeHooks": [],
          "afterHooks": [],
          "tests": [
            {
              "title": "should calculate the sum of all numbers",
              "fullTitle": "Math functions should calculate the sum of all numbers",
              "timedOut": false,
              "duration": 1,
              "state": "passed",
              "speed": "fast",
              "pass": true,
              "fail": false,
              "pending": false,
              "context": null,
              "code": "(0, chai_1.expect)((0, math_1.sum)([1989, 101, 20])).to.be.equal(2110);\n(0, chai_1.expect)((0, math_1.sum)([999, 2, 8])).to.be.equal(1009);\n(0, chai_1.expect)((0, math_1.sum)([-2, 2])).to.be.equal(0);",
              "err": {},
              "uuid": "c5fd1aed-535f-43da-ac3f-ad81b7277141",
              "parentUUID": "37ae60f2-88cf-49f9-b653-012d172c9bfe",
              "isHook": false,
              "skipped": false
            }
          ],
          "suites": [],
          "passes": [
            "c5fd1aed-535f-43da-ac3f-ad81b7277141"
          ],
          "failures": [],
          "pending": [],
          "skipped": [],
          "duration": 1,
          "root": false,
          "rootEmpty": false,
          "_timeout": 2000
        },
        {
          "uuid": "76581047-34d7-4d6a-be6d-2fbd256c7ac0",
          "title": "isValidChinesePhoneNumber functions",
          "fullFile": "D:\\_huidu\\curx-utility\\tasks\\validator.test.ts",
          "file": "\\tasks\\validator.test.ts",
          "beforeHooks": [],
          "afterHooks": [],
          "tests": [
            {
              "title": "139 8484 2424 是一个有效的大陆手机号",
              "fullTitle": "isValidChinesePhoneNumber functions 139 8484 2424 是一个有效的大陆手机号",
              "timedOut": false,
              "duration": 0,
              "state": "passed",
              "speed": "fast",
              "pass": true,
              "fail": false,
              "pending": false,
              "context": null,
              "code": "(0, chai_1.expect)((0, Validator_1.isValidChinesePhoneNumber)('138 0000 9999')).equal(true);",
              "err": {},
              "uuid": "61284ca6-c10d-42eb-8f38-1d9c3bad61e6",
              "parentUUID": "76581047-34d7-4d6a-be6d-2fbd256c7ac0",
              "isHook": false,
              "skipped": false
            },
            {
              "title": "18621882188 是一个有效的大陆手机号",
              "fullTitle": "isValidChinesePhoneNumber functions 18621882188 是一个有效的大陆手机号",
              "timedOut": false,
              "duration": 0,
              "state": "passed",
              "speed": "fast",
              "pass": true,
              "fail": false,
              "pending": false,
              "context": null,
              "code": "(0, chai_1.expect)((0, Validator_1.isValidChinesePhoneNumber)('15885508762')).to.be.equal(true);",
              "err": {},
              "uuid": "4ec39c56-a59d-4d87-945f-d13e355977e2",
              "parentUUID": "76581047-34d7-4d6a-be6d-2fbd256c7ac0",
              "isHook": false,
              "skipped": false
            },
            {
              "title": "25885不是是一个有效的大陆手机号",
              "fullTitle": "isValidChinesePhoneNumber functions 25885不是是一个有效的大陆手机号",
              "timedOut": false,
              "duration": 0,
              "state": "passed",
              "speed": "fast",
              "pass": true,
              "fail": false,
              "pending": false,
              "context": null,
              "code": "(0, chai_1.expect)((0, Validator_1.isValidChinesePhoneNumber)('25885')).to.be.equal(false);",
              "err": {},
              "uuid": "f98557f2-c837-4fd6-9cec-f02250b1e20e",
              "parentUUID": "76581047-34d7-4d6a-be6d-2fbd256c7ac0",
              "isHook": false,
              "skipped": false
            }
          ],
          "suites": [],
          "passes": [
            "61284ca6-c10d-42eb-8f38-1d9c3bad61e6",
            "4ec39c56-a59d-4d87-945f-d13e355977e2",
            "f98557f2-c837-4fd6-9cec-f02250b1e20e"
          ],
          "failures": [],
          "pending": [],
          "skipped": [],
          "duration": 0,
          "root": false,
          "rootEmpty": false,
          "_timeout": 2000
        }
      ],
      "passes": [],
      "failures": [],
      "pending": [],
      "skipped": [],
      "duration": 0,
      "root": true,
      "rootEmpty": true,
      "_timeout": 2000
    }
  ],
  "meta": {
    "mocha": {
      "version": "10.2.0"
    },
    "mochawesome": {
      "options": {
        "quiet": false,
        "reportFilename": "mochawesome",
        "saveHtml": true,
        "saveJson": true,
        "consoleReporter": "spec",
        "useInlineDiffs": false,
        "code": true
      },
      "version": "7.1.3"
    },
    "marge": {
      "options": null,
      "version": "6.2.0"
    }
  }
}